<?xml version="1.0" encoding="UTF-8"?>
<!-- Generated by org.testng.reporters.JUnitReportReporter -->
<testsuite hostname="DESKTOP-U9123IR" failures="0" tests="3" name="test.FirstTestCase" time="0.014" errors="0" timestamp="2023-02-28T12:03:08 GET" skipped="0">
  <testcase classname="test.FirstTestCase" name="setup" time="0.011"/>
  <system-out/>
  <testcase classname="test.FirstTestCase" name="login" time="0.002"/>
  <system-out/>
  <testcase classname="test.FirstTestCase" name="teardown" time="0.001"/>
  <system-out/>
</testsuite> <!-- test.FirstTestCase -->
