<?xml version="1.0" encoding="UTF-8"?>
<!-- Generated by org.testng.reporters.JUnitReportReporter -->
<testsuite hostname="DESKTOP-U9123IR" failures="0" tests="4" name="testpriority.PriorityExample" time="0.016" errors="0" timestamp="2023-02-28T12:50:46 GET" skipped="1">
  <testcase classname="testpriority.PriorityExample" name="TestOne" time="0.012"/>
  <system-out/>
  <testcase classname="testpriority.PriorityExample" name="TestTwo" time="0.002"/>
  <system-out/>
  <testcase classname="testpriority.PriorityExample" name="TestThree" time="0.002"/>
  <system-out/>
  <testcase classname="testpriority.PriorityExample" name="TestFour">
    <skipped/>
  </testcase> <!-- TestFour -->
  <system-out/>
</testsuite> <!-- testpriority.PriorityExample -->
