<?xml version="1.0" encoding="UTF-8"?>
<!-- Generated by org.testng.reporters.JUnitReportReporter -->
<testsuite hostname="DESKTOP-U9123IR" failures="0" tests="2" name="annotations.TestCase1" time="0.012" errors="0" timestamp="2023-02-28T12:42:53 GET" skipped="0">
  <testcase classname="annotations.TestCase1" name="test2" time="0.002"/>
  <system-out/>
  <testcase classname="annotations.TestCase1" name="test1" time="0.010"/>
  <system-out/>
</testsuite> <!-- annotations.TestCase1 -->
