<?xml version="1.0" encoding="UTF-8"?>
<!-- Generated by org.testng.reporters.JUnitReportReporter -->
<testsuite hostname="DESKTOP-U9123IR" failures="0" tests="2" name="annotations.TestCase2" time="0.010" errors="0" timestamp="2023-02-28T12:42:53 GET" skipped="0">
  <testcase classname="annotations.TestCase2" name="test3" time="0.005"/>
  <system-out/>
  <testcase classname="annotations.TestCase2" name="test4" time="0.005"/>
  <system-out/>
</testsuite> <!-- annotations.TestCase2 -->
