<?xml version="1.0" encoding="UTF-8"?>
<!-- Generated by org.testng.reporters.JUnitReportReporter -->
<testsuite hostname="DESKTOP-U9123IR" failures="0" tests="4" name="test.SecondTestCase" time="0.007" errors="0" timestamp="2023-02-28T12:03:08 GET" skipped="0">
  <testcase classname="test.SecondTestCase" name="setup" time="0.002"/>
  <system-out/>
  <testcase classname="test.SecondTestCase" name="addCustomer" time="0.001"/>
  <system-out/>
  <testcase classname="test.SecondTestCase" name="searchCustomer" time="0.003"/>
  <system-out/>
  <testcase classname="test.SecondTestCase" name="teardown" time="0.001"/>
  <system-out/>
</testsuite> <!-- test.SecondTestCase -->
