<?xml version="1.0" encoding="UTF-8"?>
<!-- Generated by org.testng.reporters.JUnitReportReporter -->
<testsuite hostname="DESKTOP-U9123IR" failures="0" tests="2" name="grouping.GroupingExample" time="0.013" errors="0" timestamp="2023-02-28T16:30:34 GET" skipped="0">
  <testcase classname="grouping.GroupingExample" name="test2" time="0.002"/>
  <system-out/>
  <testcase classname="grouping.GroupingExample" name="test1" time="0.011"/>
  <system-out/>
</testsuite> <!-- grouping.GroupingExample -->
