<?xml version="1.0" encoding="UTF-8"?>
<!-- Generated by org.testng.reporters.JUnitReportReporter -->
<testsuite hostname="DESKTOP-U9123IR" failures="0" tests="3" name="dataprovider.DataProviderExample" time="0.015" errors="0" timestamp="2023-02-28T14:11:36 GET" skipped="0">
  <testcase classname="dataprovider.DataProviderExample" name="loginTest" time="0.011"/>
  <system-out/>
  <testcase classname="dataprovider.DataProviderExample" name="loginTest" time="0.002"/>
  <system-out/>
  <testcase classname="dataprovider.DataProviderExample" name="loginTest" time="0.002"/>
  <system-out/>
</testsuite> <!-- dataprovider.DataProviderExample -->
